Arguments: 
  /usr/local/Cellar/node/14.8.0/bin/node /usr/local/Cellar/yarn/1.22.4/libexec/bin/yarn.js add moment.js

PATH: 
  /usr/local/bin:/usr/bin:/bin:/usr/sbin:/sbin

Yarn version: 
  1.22.4

Node version: 
  14.8.0

Platform: 
  darwin x64

Trace: 
  Error: https://registry.yarnpkg.com/moment.js: Not found
      at Request.params.callback [as _callback] (/usr/local/Cellar/yarn/1.22.4/libexec/lib/cli.js:66987:18)
      at Request.self.callback (/usr/local/Cellar/yarn/1.22.4/libexec/lib/cli.js:140748:22)
      at Request.emit (events.js:314:20)
      at Request.<anonymous> (/usr/local/Cellar/yarn/1.22.4/libexec/lib/cli.js:141720:10)
      at Request.emit (events.js:314:20)
      at IncomingMessage.<anonymous> (/usr/local/Cellar/yarn/1.22.4/libexec/lib/cli.js:141642:12)
      at Object.onceWrapper (events.js:420:28)
      at IncomingMessage.emit (events.js:326:22)
      at endReadableNT (_stream_readable.js:1244:12)
      at processTicksAndRejections (internal/process/task_queues.js:80:21)

npm manifest: 
  {
    "name": "square-foot-garden",
    "version": "1.0.0",
    "main": "index.js",
    "repository": "git@github.com:CalebRoenigk/square-foot-garden.git",
    "author": "Caleb Roenigk <caleb.roenigk@union.co>",
    "license": "MIT",
    "browserslist": [
      "last 1 Chrome versions"
    ],
    "dependencies": {
    },
    "devDependencies": {
      "parcel-bundler": "^1.12.4"
    },
    "scripts": {
      "dev": "parcel index.html --out-dir docs",
      "build": "rm -rf docs && parcel build index.html --out-dir docs --no-minify --public-url ./",
      "predeploy": "rm -rf docs && parcel build index.html --out-dir docs --no-minify --public-url ./"
    }
  }

yarn manifest: 
  No manifest

Lockfile: 
  # THIS IS AN AUTOGENERATED FILE. DO NOT EDIT THIS FILE DIRECTLY.
  # yarn lockfile v1
